  [1m[35m (317.8ms)[0m  [1m[35mCREATE TABLE "schema_migrations" ("version" character varying PRIMARY KEY)[0m
  [1m[35m (13.9ms)[0m  [1m[35mCREATE TABLE "ar_internal_metadata" ("key" character varying PRIMARY KEY, "value" character varying, "created_at" timestamp NOT NULL, "updated_at" timestamp NOT NULL)[0m
  [1m[35m (15.1ms)[0m  [1m[34mSELECT pg_try_advisory_lock(482032964857270260);[0m
  [1m[36mActiveRecord::SchemaMigration Load (0.9ms)[0m  [1m[34mSELECT "schema_migrations".* FROM "schema_migrations"[0m
Migrating to CreateTodos (20170307215048)
  [1m[35m (0.3ms)[0m  [1m[35mBEGIN[0m
  [1m[35m (148.1ms)[0m  [1m[35mCREATE TABLE "todos" ("id" serial primary key, "title" character varying NOT NULL, "body" character varying NOT NULL, "done" boolean NOT NULL, "created_at" timestamp NOT NULL, "updated_at" timestamp NOT NULL)[0m
  [1m[35mSQL (48.3ms)[0m  [1m[32mINSERT INTO "schema_migrations" ("version") VALUES ($1) RETURNING "version"[0m  [["version", "20170307215048"]]
  [1m[35m (0.9ms)[0m  [1m[35mCOMMIT[0m
  [1m[36mActiveRecord::InternalMetadata Load (21.8ms)[0m  [1m[34mSELECT  "ar_internal_metadata".* FROM "ar_internal_metadata" WHERE "ar_internal_metadata"."key" = $1 LIMIT $2[0m  [["key", :environment], ["LIMIT", 1]]
  [1m[35m (0.2ms)[0m  [1m[35mBEGIN[0m
  [1m[35mSQL (11.0ms)[0m  [1m[32mINSERT INTO "ar_internal_metadata" ("key", "value", "created_at", "updated_at") VALUES ($1, $2, $3, $4) RETURNING "key"[0m  [["key", "environment"], ["value", "development"], ["created_at", 2017-03-07 21:58:18 UTC], ["updated_at", 2017-03-07 21:58:18 UTC]]
  [1m[35m (0.5ms)[0m  [1m[35mCOMMIT[0m
  [1m[35m (0.4ms)[0m  [1m[34mSELECT pg_advisory_unlock(482032964857270260)[0m
  [1m[36mActiveRecord::SchemaMigration Load (7.3ms)[0m  [1m[34mSELECT "schema_migrations".* FROM "schema_migrations"[0m
  [1m[36mTodo Load (0.8ms)[0m  [1m[34mSELECT "todos".* FROM "todos"[0m
  [1m[35m (0.2ms)[0m  [1m[35mBEGIN[0m
  [1m[35mSQL (1.2ms)[0m  [1m[32mINSERT INTO "todos" ("title", "body", "done", "created_at", "updated_at") VALUES ($1, $2, $3, $4, $5) RETURNING "id"[0m  [["title", "titlez"], ["body", "message"], ["done", false], ["created_at", 2017-03-07 22:00:57 UTC], ["updated_at", 2017-03-07 22:00:57 UTC]]
  [1m[35m (0.7ms)[0m  [1m[35mCOMMIT[0m
  [1m[36mTodo Load (0.6ms)[0m  [1m[34mSELECT "todos".* FROM "todos"[0m
  [1m[35m (0.2ms)[0m  [1m[35mBEGIN[0m
  [1m[35mSQL (0.7ms)[0m  [1m[32mINSERT INTO "todos" ("title", "body", "done", "created_at", "updated_at") VALUES ($1, $2, $3, $4, $5) RETURNING "id"[0m  [["title", "test"], ["body", "hello"], ["done", true], ["created_at", 2017-03-07 22:01:51 UTC], ["updated_at", 2017-03-07 22:01:51 UTC]]
  [1m[35m (0.5ms)[0m  [1m[35mCOMMIT[0m
  [1m[36mTodo Load (0.5ms)[0m  [1m[34mSELECT "todos".* FROM "todos"[0m
  [1m[36mActiveRecord::SchemaMigration Load (0.6ms)[0m  [1m[34mSELECT "schema_migrations".* FROM "schema_migrations"[0m
  [1m[35m (0.2ms)[0m  [1m[35mBEGIN[0m
  [1m[35mSQL (12.6ms)[0m  [1m[32mINSERT INTO "todos" ("title", "body", "done", "created_at", "updated_at") VALUES ($1, $2, $3, $4, $5) RETURNING "id"[0m  [["title", "exercise"], ["body", "go jogging"], ["done", true], ["created_at", 2017-03-07 22:21:52 UTC], ["updated_at", 2017-03-07 22:21:52 UTC]]
  [1m[35m (12.2ms)[0m  [1m[35mCOMMIT[0m
  [1m[35m (0.2ms)[0m  [1m[35mBEGIN[0m
  [1m[35mSQL (0.5ms)[0m  [1m[32mINSERT INTO "todos" ("title", "body", "done", "created_at", "updated_at") VALUES ($1, $2, $3, $4, $5) RETURNING "id"[0m  [["title", "shop for groceries"], ["body", "buy milk"], ["done", false], ["created_at", 2017-03-07 22:21:52 UTC], ["updated_at", 2017-03-07 22:21:52 UTC]]
  [1m[35m (0.5ms)[0m  [1m[35mCOMMIT[0m
  [1m[35m (0.1ms)[0m  [1m[35mBEGIN[0m
  [1m[35mSQL (0.4ms)[0m  [1m[32mINSERT INTO "todos" ("title", "body", "done", "created_at", "updated_at") VALUES ($1, $2, $3, $4, $5) RETURNING "id"[0m  [["title", "breakfast"], ["body", "bagels"], ["done", false], ["created_at", 2017-03-07 22:21:52 UTC], ["updated_at", 2017-03-07 22:21:52 UTC]]
  [1m[35m (0.5ms)[0m  [1m[35mCOMMIT[0m
  [1m[35m (0.1ms)[0m  [1m[35mBEGIN[0m
  [1m[35mSQL (0.4ms)[0m  [1m[32mINSERT INTO "todos" ("title", "body", "done", "created_at", "updated_at") VALUES ($1, $2, $3, $4, $5) RETURNING "id"[0m  [["title", "coffee"], ["body", "starbucks"], ["done", true], ["created_at", 2017-03-07 22:21:52 UTC], ["updated_at", 2017-03-07 22:21:52 UTC]]
  [1m[35m (0.4ms)[0m  [1m[35mCOMMIT[0m
  [1m[36mTodo Load (0.8ms)[0m  [1m[34mSELECT "todos".* FROM "todos"[0m
Started GET "/" for ::1 at 2017-03-07 14:22:42 -0800
  [1m[36mActiveRecord::SchemaMigration Load (1.0ms)[0m  [1m[34mSELECT "schema_migrations".* FROM "schema_migrations"[0m
Processing by StaticPagesController#root as HTML
  Rendering static_pages/root.html.erb within layouts/application
  Rendered static_pages/root.html.erb within layouts/application (1.8ms)
Completed 200 OK in 1464ms (Views: 1447.5ms | ActiveRecord: 0.0ms)


Started GET "/api/todos" for ::1 at 2017-03-07 14:23:42 -0800

LoadError - Unable to autoload constant Api::TodosController, expected /Users/appacademy/Desktop/W7D1/TodoApp/TodoApp/app/controllers/api/todos_controller.rb to define it:
  activesupport (5.0.2) lib/active_support/dependencies.rb:512:in `load_missing_constant'
  activesupport (5.0.2) lib/active_support/dependencies.rb:203:in `const_missing'
  activesupport (5.0.2) lib/active_support/inflector/methods.rb:270:in `block in constantize'
  activesupport (5.0.2) lib/active_support/inflector/methods.rb:266:in `constantize'
  activesupport (5.0.2) lib/active_support/dependencies.rb:583:in `get'
  activesupport (5.0.2) lib/active_support/dependencies.rb:614:in `constantize'
  actionpack (5.0.2) lib/action_dispatch/http/request.rb:81:in `controller_class'
  actionpack (5.0.2) lib/action_dispatch/routing/route_set.rb:44:in `controller'
  actionpack (5.0.2) lib/action_dispatch/routing/route_set.rb:30:in `serve'
  actionpack (5.0.2) lib/action_dispatch/journey/router.rb:39:in `block in serve'
  actionpack (5.0.2) lib/action_dispatch/journey/router.rb:26:in `serve'
  actionpack (5.0.2) lib/action_dispatch/routing/route_set.rb:725:in `call'
  rack (2.0.1) lib/rack/etag.rb:25:in `call'
  rack (2.0.1) lib/rack/conditional_get.rb:25:in `call'
  rack (2.0.1) lib/rack/head.rb:12:in `call'
  rack (2.0.1) lib/rack/session/abstract/id.rb:222:in `context'
  rack (2.0.1) lib/rack/session/abstract/id.rb:216:in `call'
  actionpack (5.0.2) lib/action_dispatch/middleware/cookies.rb:613:in `call'
  activerecord (5.0.2) lib/active_record/migration.rb:553:in `call'
  actionpack (5.0.2) lib/action_dispatch/middleware/callbacks.rb:38:in `block in call'
  activesupport (5.0.2) lib/active_support/callbacks.rb:97:in `__run_callbacks__'
  activesupport (5.0.2) lib/active_support/callbacks.rb:750:in `_run_call_callbacks'
  activesupport (5.0.2) lib/active_support/callbacks.rb:90:in `run_callbacks'
  actionpack (5.0.2) lib/action_dispatch/middleware/callbacks.rb:36:in `call'
  actionpack (5.0.2) lib/action_dispatch/middleware/executor.rb:12:in `call'
  actionpack (5.0.2) lib/action_dispatch/middleware/remote_ip.rb:79:in `call'
  better_errors (2.1.1) lib/better_errors/middleware.rb:84:in `protected_app_call'
  better_errors (2.1.1) lib/better_errors/middleware.rb:79:in `better_errors_call'
  better_errors (2.1.1) lib/better_errors/middleware.rb:57:in `call'
  actionpack (5.0.2) lib/action_dispatch/middleware/debug_exceptions.rb:49:in `call'
  web-console (3.4.0) lib/web_console/middleware.rb:135:in `call_app'
  web-console (3.4.0) lib/web_console/middleware.rb:28:in `block in call'
  web-console (3.4.0) lib/web_console/middleware.rb:18:in `call'
  actionpack (5.0.2) lib/action_dispatch/middleware/show_exceptions.rb:31:in `call'
  railties (5.0.2) lib/rails/rack/logger.rb:36:in `call_app'
  railties (5.0.2) lib/rails/rack/logger.rb:24:in `block in call'
  activesupport (5.0.2) lib/active_support/tagged_logging.rb:69:in `block in tagged'
  activesupport (5.0.2) lib/active_support/tagged_logging.rb:26:in `tagged'
  activesupport (5.0.2) lib/active_support/tagged_logging.rb:69:in `tagged'
  railties (5.0.2) lib/rails/rack/logger.rb:24:in `call'
  sprockets-rails (3.2.0) lib/sprockets/rails/quiet_assets.rb:13:in `call'
  actionpack (5.0.2) lib/action_dispatch/middleware/request_id.rb:24:in `call'
  rack (2.0.1) lib/rack/method_override.rb:22:in `call'
  rack (2.0.1) lib/rack/runtime.rb:22:in `call'
  activesupport (5.0.2) lib/active_support/cache/strategy/local_cache_middleware.rb:28:in `call'
  actionpack (5.0.2) lib/action_dispatch/middleware/executor.rb:12:in `call'
  actionpack (5.0.2) lib/action_dispatch/middleware/static.rb:136:in `call'
  rack (2.0.1) lib/rack/sendfile.rb:111:in `call'
  railties (5.0.2) lib/rails/engine.rb:522:in `call'
  puma (3.7.1) lib/puma/configuration.rb:232:in `call'
  puma (3.7.1) lib/puma/server.rb:578:in `handle_request'
  puma (3.7.1) lib/puma/server.rb:415:in `process_client'
  puma (3.7.1) lib/puma/server.rb:275:in `block in run'
  puma (3.7.1) lib/puma/thread_pool.rb:120:in `block in spawn_thread'

Started GET "/api/todos" for ::1 at 2017-03-07 14:25:59 -0800

ActionController::RoutingError - uninitialized constant Api::ApiController:
  actionpack (5.0.2) lib/action_dispatch/routing/route_set.rb:46:in `rescue in controller'
  actionpack (5.0.2) lib/action_dispatch/routing/route_set.rb:44:in `controller'
  actionpack (5.0.2) lib/action_dispatch/routing/route_set.rb:30:in `serve'
  actionpack (5.0.2) lib/action_dispatch/journey/router.rb:39:in `block in serve'
  actionpack (5.0.2) lib/action_dispatch/journey/router.rb:26:in `serve'
  actionpack (5.0.2) lib/action_dispatch/routing/route_set.rb:725:in `call'
  rack (2.0.1) lib/rack/etag.rb:25:in `call'
  rack (2.0.1) lib/rack/conditional_get.rb:25:in `call'
  rack (2.0.1) lib/rack/head.rb:12:in `call'
  rack (2.0.1) lib/rack/session/abstract/id.rb:222:in `context'
  rack (2.0.1) lib/rack/session/abstract/id.rb:216:in `call'
  actionpack (5.0.2) lib/action_dispatch/middleware/cookies.rb:613:in `call'
  activerecord (5.0.2) lib/active_record/migration.rb:553:in `call'
  actionpack (5.0.2) lib/action_dispatch/middleware/callbacks.rb:38:in `block in call'
  activesupport (5.0.2) lib/active_support/callbacks.rb:97:in `__run_callbacks__'
  activesupport (5.0.2) lib/active_support/callbacks.rb:750:in `_run_call_callbacks'
  activesupport (5.0.2) lib/active_support/callbacks.rb:90:in `run_callbacks'
  actionpack (5.0.2) lib/action_dispatch/middleware/callbacks.rb:36:in `call'
  actionpack (5.0.2) lib/action_dispatch/middleware/executor.rb:12:in `call'
  actionpack (5.0.2) lib/action_dispatch/middleware/remote_ip.rb:79:in `call'
  better_errors (2.1.1) lib/better_errors/middleware.rb:84:in `protected_app_call'
  better_errors (2.1.1) lib/better_errors/middleware.rb:79:in `better_errors_call'
  better_errors (2.1.1) lib/better_errors/middleware.rb:57:in `call'
  actionpack (5.0.2) lib/action_dispatch/middleware/debug_exceptions.rb:49:in `call'
  web-console (3.4.0) lib/web_console/middleware.rb:135:in `call_app'
  web-console (3.4.0) lib/web_console/middleware.rb:28:in `block in call'
  web-console (3.4.0) lib/web_console/middleware.rb:18:in `call'
  actionpack (5.0.2) lib/action_dispatch/middleware/show_exceptions.rb:31:in `call'
  railties (5.0.2) lib/rails/rack/logger.rb:36:in `call_app'
  railties (5.0.2) lib/rails/rack/logger.rb:24:in `block in call'
  activesupport (5.0.2) lib/active_support/tagged_logging.rb:69:in `block in tagged'
  activesupport (5.0.2) lib/active_support/tagged_logging.rb:26:in `tagged'
  activesupport (5.0.2) lib/active_support/tagged_logging.rb:69:in `tagged'
  railties (5.0.2) lib/rails/rack/logger.rb:24:in `call'
  sprockets-rails (3.2.0) lib/sprockets/rails/quiet_assets.rb:13:in `call'
  actionpack (5.0.2) lib/action_dispatch/middleware/request_id.rb:24:in `call'
  rack (2.0.1) lib/rack/method_override.rb:22:in `call'
  rack (2.0.1) lib/rack/runtime.rb:22:in `call'
  activesupport (5.0.2) lib/active_support/cache/strategy/local_cache_middleware.rb:28:in `call'
  actionpack (5.0.2) lib/action_dispatch/middleware/executor.rb:12:in `call'
  actionpack (5.0.2) lib/action_dispatch/middleware/static.rb:136:in `call'
  rack (2.0.1) lib/rack/sendfile.rb:111:in `call'
  railties (5.0.2) lib/rails/engine.rb:522:in `call'
  puma (3.7.1) lib/puma/configuration.rb:232:in `call'
  puma (3.7.1) lib/puma/server.rb:578:in `handle_request'
  puma (3.7.1) lib/puma/server.rb:415:in `process_client'
  puma (3.7.1) lib/puma/server.rb:275:in `block in run'
  puma (3.7.1) lib/puma/thread_pool.rb:120:in `block in spawn_thread'

Started GET "/" for ::1 at 2017-03-07 14:26:28 -0800
  [1m[36mActiveRecord::SchemaMigration Load (0.7ms)[0m  [1m[34mSELECT "schema_migrations".* FROM "schema_migrations"[0m
Processing by StaticPagesController#root as HTML
  Rendering static_pages/root.html.erb within layouts/application
  Rendered static_pages/root.html.erb within layouts/application (2.5ms)
Completed 200 OK in 456ms (Views: 453.4ms | ActiveRecord: 0.0ms)


Started GET "/api/todos" for ::1 at 2017-03-07 14:26:34 -0800

ActionController::RoutingError - uninitialized constant Api::ApiController:
  actionpack (5.0.2) lib/action_dispatch/routing/route_set.rb:46:in `rescue in controller'
  actionpack (5.0.2) lib/action_dispatch/routing/route_set.rb:44:in `controller'
  actionpack (5.0.2) lib/action_dispatch/routing/route_set.rb:30:in `serve'
  actionpack (5.0.2) lib/action_dispatch/journey/router.rb:39:in `block in serve'
  actionpack (5.0.2) lib/action_dispatch/journey/router.rb:26:in `serve'
  actionpack (5.0.2) lib/action_dispatch/routing/route_set.rb:725:in `call'
  rack (2.0.1) lib/rack/etag.rb:25:in `call'
  rack (2.0.1) lib/rack/conditional_get.rb:25:in `call'
  rack (2.0.1) lib/rack/head.rb:12:in `call'
  rack (2.0.1) lib/rack/session/abstract/id.rb:222:in `context'
  rack (2.0.1) lib/rack/session/abstract/id.rb:216:in `call'
  actionpack (5.0.2) lib/action_dispatch/middleware/cookies.rb:613:in `call'
  activerecord (5.0.2) lib/active_record/migration.rb:553:in `call'
  actionpack (5.0.2) lib/action_dispatch/middleware/callbacks.rb:38:in `block in call'
  activesupport (5.0.2) lib/active_support/callbacks.rb:97:in `__run_callbacks__'
  activesupport (5.0.2) lib/active_support/callbacks.rb:750:in `_run_call_callbacks'
  activesupport (5.0.2) lib/active_support/callbacks.rb:90:in `run_callbacks'
  actionpack (5.0.2) lib/action_dispatch/middleware/callbacks.rb:36:in `call'
  actionpack (5.0.2) lib/action_dispatch/middleware/executor.rb:12:in `call'
  actionpack (5.0.2) lib/action_dispatch/middleware/remote_ip.rb:79:in `call'
  better_errors (2.1.1) lib/better_errors/middleware.rb:84:in `protected_app_call'
  better_errors (2.1.1) lib/better_errors/middleware.rb:79:in `better_errors_call'
  better_errors (2.1.1) lib/better_errors/middleware.rb:57:in `call'
  actionpack (5.0.2) lib/action_dispatch/middleware/debug_exceptions.rb:49:in `call'
  web-console (3.4.0) lib/web_console/middleware.rb:135:in `call_app'
  web-console (3.4.0) lib/web_console/middleware.rb:28:in `block in call'
  web-console (3.4.0) lib/web_console/middleware.rb:18:in `call'
  actionpack (5.0.2) lib/action_dispatch/middleware/show_exceptions.rb:31:in `call'
  railties (5.0.2) lib/rails/rack/logger.rb:36:in `call_app'
  railties (5.0.2) lib/rails/rack/logger.rb:24:in `block in call'
  activesupport (5.0.2) lib/active_support/tagged_logging.rb:69:in `block in tagged'
  activesupport (5.0.2) lib/active_support/tagged_logging.rb:26:in `tagged'
  activesupport (5.0.2) lib/active_support/tagged_logging.rb:69:in `tagged'
  railties (5.0.2) lib/rails/rack/logger.rb:24:in `call'
  sprockets-rails (3.2.0) lib/sprockets/rails/quiet_assets.rb:13:in `call'
  actionpack (5.0.2) lib/action_dispatch/middleware/request_id.rb:24:in `call'
  rack (2.0.1) lib/rack/method_override.rb:22:in `call'
  rack (2.0.1) lib/rack/runtime.rb:22:in `call'
  activesupport (5.0.2) lib/active_support/cache/strategy/local_cache_middleware.rb:28:in `call'
  actionpack (5.0.2) lib/action_dispatch/middleware/executor.rb:12:in `call'
  actionpack (5.0.2) lib/action_dispatch/middleware/static.rb:136:in `call'
  rack (2.0.1) lib/rack/sendfile.rb:111:in `call'
  railties (5.0.2) lib/rails/engine.rb:522:in `call'
  puma (3.7.1) lib/puma/configuration.rb:232:in `call'
  puma (3.7.1) lib/puma/server.rb:578:in `handle_request'
  puma (3.7.1) lib/puma/server.rb:415:in `process_client'
  puma (3.7.1) lib/puma/server.rb:275:in `block in run'
  puma (3.7.1) lib/puma/thread_pool.rb:120:in `block in spawn_thread'

Started GET "/" for ::1 at 2017-03-07 14:28:56 -0800
Started GET "/" for ::1 at 2017-03-07 14:29:06 -0800
Processing by StaticPagesController#root as HTML
  Rendering static_pages/root.html.erb within layouts/application
  Rendered static_pages/root.html.erb within layouts/application (0.5ms)
Completed 200 OK in 93ms (Views: 90.5ms | ActiveRecord: 0.0ms)


Processing by StaticPagesController#root as HTML
  Rendering static_pages/root.html.erb within layouts/application
  Rendered static_pages/root.html.erb within layouts/application (0.1ms)
Completed 200 OK in 19ms (Views: 17.6ms | ActiveRecord: 0.0ms)


Started GET "/" for ::1 at 2017-03-07 14:29:21 -0800
  [1m[36mActiveRecord::SchemaMigration Load (0.7ms)[0m  [1m[34mSELECT "schema_migrations".* FROM "schema_migrations"[0m
Processing by StaticPagesController#root as HTML
  Rendering static_pages/root.html.erb within layouts/application
  Rendered static_pages/root.html.erb within layouts/application (1.8ms)
Completed 200 OK in 440ms (Views: 437.5ms | ActiveRecord: 0.0ms)


Started GET "/api/todos" for ::1 at 2017-03-07 14:29:32 -0800

ActionController::RoutingError - uninitialized constant Api::ApplicationController:
  actionpack (5.0.2) lib/action_dispatch/routing/route_set.rb:46:in `rescue in controller'
  actionpack (5.0.2) lib/action_dispatch/routing/route_set.rb:44:in `controller'
  actionpack (5.0.2) lib/action_dispatch/routing/route_set.rb:30:in `serve'
  actionpack (5.0.2) lib/action_dispatch/journey/router.rb:39:in `block in serve'
  actionpack (5.0.2) lib/action_dispatch/journey/router.rb:26:in `serve'
  actionpack (5.0.2) lib/action_dispatch/routing/route_set.rb:725:in `call'
  rack (2.0.1) lib/rack/etag.rb:25:in `call'
  rack (2.0.1) lib/rack/conditional_get.rb:25:in `call'
  rack (2.0.1) lib/rack/head.rb:12:in `call'
  rack (2.0.1) lib/rack/session/abstract/id.rb:222:in `context'
  rack (2.0.1) lib/rack/session/abstract/id.rb:216:in `call'
  actionpack (5.0.2) lib/action_dispatch/middleware/cookies.rb:613:in `call'
  activerecord (5.0.2) lib/active_record/migration.rb:553:in `call'
  actionpack (5.0.2) lib/action_dispatch/middleware/callbacks.rb:38:in `block in call'
  activesupport (5.0.2) lib/active_support/callbacks.rb:97:in `__run_callbacks__'
  activesupport (5.0.2) lib/active_support/callbacks.rb:750:in `_run_call_callbacks'
  activesupport (5.0.2) lib/active_support/callbacks.rb:90:in `run_callbacks'
  actionpack (5.0.2) lib/action_dispatch/middleware/callbacks.rb:36:in `call'
  actionpack (5.0.2) lib/action_dispatch/middleware/executor.rb:12:in `call'
  actionpack (5.0.2) lib/action_dispatch/middleware/remote_ip.rb:79:in `call'
  better_errors (2.1.1) lib/better_errors/middleware.rb:84:in `protected_app_call'
  better_errors (2.1.1) lib/better_errors/middleware.rb:79:in `better_errors_call'
  better_errors (2.1.1) lib/better_errors/middleware.rb:57:in `call'
  actionpack (5.0.2) lib/action_dispatch/middleware/debug_exceptions.rb:49:in `call'
  web-console (3.4.0) lib/web_console/middleware.rb:135:in `call_app'
  web-console (3.4.0) lib/web_console/middleware.rb:28:in `block in call'
  web-console (3.4.0) lib/web_console/middleware.rb:18:in `call'
  actionpack (5.0.2) lib/action_dispatch/middleware/show_exceptions.rb:31:in `call'
  railties (5.0.2) lib/rails/rack/logger.rb:36:in `call_app'
  railties (5.0.2) lib/rails/rack/logger.rb:24:in `block in call'
  activesupport (5.0.2) lib/active_support/tagged_logging.rb:69:in `block in tagged'
  activesupport (5.0.2) lib/active_support/tagged_logging.rb:26:in `tagged'
  activesupport (5.0.2) lib/active_support/tagged_logging.rb:69:in `tagged'
  railties (5.0.2) lib/rails/rack/logger.rb:24:in `call'
  sprockets-rails (3.2.0) lib/sprockets/rails/quiet_assets.rb:13:in `call'
  actionpack (5.0.2) lib/action_dispatch/middleware/request_id.rb:24:in `call'
  rack (2.0.1) lib/rack/method_override.rb:22:in `call'
  rack (2.0.1) lib/rack/runtime.rb:22:in `call'
  activesupport (5.0.2) lib/active_support/cache/strategy/local_cache_middleware.rb:28:in `call'
  actionpack (5.0.2) lib/action_dispatch/middleware/executor.rb:12:in `call'
  actionpack (5.0.2) lib/action_dispatch/middleware/static.rb:136:in `call'
  rack (2.0.1) lib/rack/sendfile.rb:111:in `call'
  railties (5.0.2) lib/rails/engine.rb:522:in `call'
  puma (3.7.1) lib/puma/configuration.rb:232:in `call'
  puma (3.7.1) lib/puma/server.rb:578:in `handle_request'
  puma (3.7.1) lib/puma/server.rb:415:in `process_client'
  puma (3.7.1) lib/puma/server.rb:275:in `block in run'
  puma (3.7.1) lib/puma/thread_pool.rb:120:in `block in spawn_thread'

Started GET "/" for ::1 at 2017-03-07 14:30:13 -0800
Started GET "/" for ::1 at 2017-03-07 14:30:22 -0800
  [1m[36mActiveRecord::SchemaMigration Load (0.7ms)[0m  [1m[34mSELECT "schema_migrations".* FROM "schema_migrations"[0m
Processing by StaticPagesController#root as HTML
  Rendering static_pages/root.html.erb within layouts/application
  Rendered static_pages/root.html.erb within layouts/application (2.5ms)
Completed 200 OK in 285ms (Views: 281.6ms | ActiveRecord: 0.0ms)


Started GET "/" for ::1 at 2017-03-07 14:30:25 -0800
Processing by StaticPagesController#root as HTML
  Rendering static_pages/root.html.erb within layouts/application
  Rendered static_pages/root.html.erb within layouts/application (0.6ms)
Completed 200 OK in 34ms (Views: 31.6ms | ActiveRecord: 0.0ms)


Started GET "/api/todos" for ::1 at 2017-03-07 14:30:29 -0800
Processing by Api::TodosController#index as JSON
  [1m[36mTodo Load (1.0ms)[0m  [1m[34mSELECT "todos".* FROM "todos"[0m
Completed 200 OK in 68ms (Views: 8.0ms | ActiveRecord: 11.0ms)


Started GET "/" for ::1 at 2017-03-07 14:32:34 -0800
Processing by StaticPagesController#root as HTML
  Rendering static_pages/root.html.erb within layouts/application
  Rendered static_pages/root.html.erb within layouts/application (0.4ms)
Completed 200 OK in 69ms (Views: 66.7ms | ActiveRecord: 0.0ms)


Started GET "/api/todos" for ::1 at 2017-03-07 14:32:37 -0800

TypeError - superclass must be a Class (Module given):
  app/controllers/api/todos_controller.rb:1:in `<top (required)>'
  activesupport (5.0.2) lib/active_support/dependencies.rb:477:in `block in load_file'
  activesupport (5.0.2) lib/active_support/dependencies.rb:662:in `new_constants_in'
  activesupport (5.0.2) lib/active_support/dependencies.rb:476:in `load_file'
  activesupport (5.0.2) lib/active_support/dependencies.rb:375:in `block in require_or_load'
  activesupport (5.0.2) lib/active_support/dependencies.rb:37:in `block in load_interlock'
  activesupport (5.0.2) lib/active_support/dependencies/interlock.rb:12:in `block in loading'
  activesupport (5.0.2) lib/active_support/concurrency/share_lock.rb:150:in `exclusive'
  activesupport (5.0.2) lib/active_support/dependencies/interlock.rb:11:in `loading'
  activesupport (5.0.2) lib/active_support/dependencies.rb:37:in `load_interlock'
  activesupport (5.0.2) lib/active_support/dependencies.rb:358:in `require_or_load'
  activesupport (5.0.2) lib/active_support/dependencies.rb:511:in `load_missing_constant'
  activesupport (5.0.2) lib/active_support/dependencies.rb:203:in `const_missing'
  activesupport (5.0.2) lib/active_support/inflector/methods.rb:270:in `block in constantize'
  activesupport (5.0.2) lib/active_support/inflector/methods.rb:266:in `constantize'
  activesupport (5.0.2) lib/active_support/dependencies.rb:583:in `get'
  activesupport (5.0.2) lib/active_support/dependencies.rb:614:in `constantize'
  actionpack (5.0.2) lib/action_dispatch/http/request.rb:81:in `controller_class'
  actionpack (5.0.2) lib/action_dispatch/routing/route_set.rb:44:in `controller'
  actionpack (5.0.2) lib/action_dispatch/routing/route_set.rb:30:in `serve'
  actionpack (5.0.2) lib/action_dispatch/journey/router.rb:39:in `block in serve'
  actionpack (5.0.2) lib/action_dispatch/journey/router.rb:26:in `serve'
  actionpack (5.0.2) lib/action_dispatch/routing/route_set.rb:725:in `call'
  rack (2.0.1) lib/rack/etag.rb:25:in `call'
  rack (2.0.1) lib/rack/conditional_get.rb:25:in `call'
  rack (2.0.1) lib/rack/head.rb:12:in `call'
  rack (2.0.1) lib/rack/session/abstract/id.rb:222:in `context'
  rack (2.0.1) lib/rack/session/abstract/id.rb:216:in `call'
  actionpack (5.0.2) lib/action_dispatch/middleware/cookies.rb:613:in `call'
  activerecord (5.0.2) lib/active_record/migration.rb:553:in `call'
  actionpack (5.0.2) lib/action_dispatch/middleware/callbacks.rb:38:in `block in call'
  activesupport (5.0.2) lib/active_support/callbacks.rb:97:in `__run_callbacks__'
  activesupport (5.0.2) lib/active_support/callbacks.rb:750:in `_run_call_callbacks'
  activesupport (5.0.2) lib/active_support/callbacks.rb:90:in `run_callbacks'
  actionpack (5.0.2) lib/action_dispatch/middleware/callbacks.rb:36:in `call'
  actionpack (5.0.2) lib/action_dispatch/middleware/executor.rb:12:in `call'
  actionpack (5.0.2) lib/action_dispatch/middleware/remote_ip.rb:79:in `call'
  better_errors (2.1.1) lib/better_errors/middleware.rb:84:in `protected_app_call'
  better_errors (2.1.1) lib/better_errors/middleware.rb:79:in `better_errors_call'
  better_errors (2.1.1) lib/better_errors/middleware.rb:57:in `call'
  actionpack (5.0.2) lib/action_dispatch/middleware/debug_exceptions.rb:49:in `call'
  web-console (3.4.0) lib/web_console/middleware.rb:135:in `call_app'
  web-console (3.4.0) lib/web_console/middleware.rb:28:in `block in call'
  web-console (3.4.0) lib/web_console/middleware.rb:18:in `call'
  actionpack (5.0.2) lib/action_dispatch/middleware/show_exceptions.rb:31:in `call'
  railties (5.0.2) lib/rails/rack/logger.rb:36:in `call_app'
  railties (5.0.2) lib/rails/rack/logger.rb:24:in `block in call'
  activesupport (5.0.2) lib/active_support/tagged_logging.rb:69:in `block in tagged'
  activesupport (5.0.2) lib/active_support/tagged_logging.rb:26:in `tagged'
  activesupport (5.0.2) lib/active_support/tagged_logging.rb:69:in `tagged'
  railties (5.0.2) lib/rails/rack/logger.rb:24:in `call'
  sprockets-rails (3.2.0) lib/sprockets/rails/quiet_assets.rb:13:in `call'
  actionpack (5.0.2) lib/action_dispatch/middleware/request_id.rb:24:in `call'
  rack (2.0.1) lib/rack/method_override.rb:22:in `call'
  rack (2.0.1) lib/rack/runtime.rb:22:in `call'
  activesupport (5.0.2) lib/active_support/cache/strategy/local_cache_middleware.rb:28:in `call'
  actionpack (5.0.2) lib/action_dispatch/middleware/executor.rb:12:in `call'
  actionpack (5.0.2) lib/action_dispatch/middleware/static.rb:136:in `call'
  rack (2.0.1) lib/rack/sendfile.rb:111:in `call'
  railties (5.0.2) lib/rails/engine.rb:522:in `call'
  puma (3.7.1) lib/puma/configuration.rb:232:in `call'
  puma (3.7.1) lib/puma/server.rb:578:in `handle_request'
  puma (3.7.1) lib/puma/server.rb:415:in `process_client'
  puma (3.7.1) lib/puma/server.rb:275:in `block in run'
  puma (3.7.1) lib/puma/thread_pool.rb:120:in `block in spawn_thread'

Started GET "/" for ::1 at 2017-03-07 14:32:45 -0800
Processing by StaticPagesController#root as HTML
  Rendering static_pages/root.html.erb within layouts/application
  Rendered static_pages/root.html.erb within layouts/application (0.6ms)
Completed 200 OK in 24ms (Views: 22.5ms | ActiveRecord: 0.0ms)


Started GET "/api/todos" for ::1 at 2017-03-07 14:32:47 -0800

TypeError - superclass must be a Class (Module given):
  app/controllers/api/todos_controller.rb:1:in `<top (required)>'
  activesupport (5.0.2) lib/active_support/dependencies.rb:477:in `block in load_file'
  activesupport (5.0.2) lib/active_support/dependencies.rb:662:in `new_constants_in'
  activesupport (5.0.2) lib/active_support/dependencies.rb:476:in `load_file'
  activesupport (5.0.2) lib/active_support/dependencies.rb:375:in `block in require_or_load'
  activesupport (5.0.2) lib/active_support/dependencies.rb:37:in `block in load_interlock'
  activesupport (5.0.2) lib/active_support/dependencies/interlock.rb:12:in `block in loading'
  activesupport (5.0.2) lib/active_support/concurrency/share_lock.rb:150:in `exclusive'
  activesupport (5.0.2) lib/active_support/dependencies/interlock.rb:11:in `loading'
  activesupport (5.0.2) lib/active_support/dependencies.rb:37:in `load_interlock'
  activesupport (5.0.2) lib/active_support/dependencies.rb:358:in `require_or_load'
  activesupport (5.0.2) lib/active_support/dependencies.rb:511:in `load_missing_constant'
  activesupport (5.0.2) lib/active_support/dependencies.rb:203:in `const_missing'
  activesupport (5.0.2) lib/active_support/inflector/methods.rb:270:in `block in constantize'
  activesupport (5.0.2) lib/active_support/inflector/methods.rb:266:in `constantize'
  activesupport (5.0.2) lib/active_support/dependencies.rb:583:in `get'
  activesupport (5.0.2) lib/active_support/dependencies.rb:614:in `constantize'
  actionpack (5.0.2) lib/action_dispatch/http/request.rb:81:in `controller_class'
  actionpack (5.0.2) lib/action_dispatch/routing/route_set.rb:44:in `controller'
  actionpack (5.0.2) lib/action_dispatch/routing/route_set.rb:30:in `serve'
  actionpack (5.0.2) lib/action_dispatch/journey/router.rb:39:in `block in serve'
  actionpack (5.0.2) lib/action_dispatch/journey/router.rb:26:in `serve'
  actionpack (5.0.2) lib/action_dispatch/routing/route_set.rb:725:in `call'
  rack (2.0.1) lib/rack/etag.rb:25:in `call'
  rack (2.0.1) lib/rack/conditional_get.rb:25:in `call'
  rack (2.0.1) lib/rack/head.rb:12:in `call'
  rack (2.0.1) lib/rack/session/abstract/id.rb:222:in `context'
  rack (2.0.1) lib/rack/session/abstract/id.rb:216:in `call'
  actionpack (5.0.2) lib/action_dispatch/middleware/cookies.rb:613:in `call'
  activerecord (5.0.2) lib/active_record/migration.rb:553:in `call'
  actionpack (5.0.2) lib/action_dispatch/middleware/callbacks.rb:38:in `block in call'
  activesupport (5.0.2) lib/active_support/callbacks.rb:97:in `__run_callbacks__'
  activesupport (5.0.2) lib/active_support/callbacks.rb:750:in `_run_call_callbacks'
  activesupport (5.0.2) lib/active_support/callbacks.rb:90:in `run_callbacks'
  actionpack (5.0.2) lib/action_dispatch/middleware/callbacks.rb:36:in `call'
  actionpack (5.0.2) lib/action_dispatch/middleware/executor.rb:12:in `call'
  actionpack (5.0.2) lib/action_dispatch/middleware/remote_ip.rb:79:in `call'
  better_errors (2.1.1) lib/better_errors/middleware.rb:84:in `protected_app_call'
  better_errors (2.1.1) lib/better_errors/middleware.rb:79:in `better_errors_call'
  better_errors (2.1.1) lib/better_errors/middleware.rb:57:in `call'
  actionpack (5.0.2) lib/action_dispatch/middleware/debug_exceptions.rb:49:in `call'
  web-console (3.4.0) lib/web_console/middleware.rb:135:in `call_app'
  web-console (3.4.0) lib/web_console/middleware.rb:28:in `block in call'
  web-console (3.4.0) lib/web_console/middleware.rb:18:in `call'
  actionpack (5.0.2) lib/action_dispatch/middleware/show_exceptions.rb:31:in `call'
  railties (5.0.2) lib/rails/rack/logger.rb:36:in `call_app'
  railties (5.0.2) lib/rails/rack/logger.rb:24:in `block in call'
  activesupport (5.0.2) lib/active_support/tagged_logging.rb:69:in `block in tagged'
  activesupport (5.0.2) lib/active_support/tagged_logging.rb:26:in `tagged'
  activesupport (5.0.2) lib/active_support/tagged_logging.rb:69:in `tagged'
  railties (5.0.2) lib/rails/rack/logger.rb:24:in `call'
  sprockets-rails (3.2.0) lib/sprockets/rails/quiet_assets.rb:13:in `call'
  actionpack (5.0.2) lib/action_dispatch/middleware/request_id.rb:24:in `call'
  rack (2.0.1) lib/rack/method_override.rb:22:in `call'
  rack (2.0.1) lib/rack/runtime.rb:22:in `call'
  activesupport (5.0.2) lib/active_support/cache/strategy/local_cache_middleware.rb:28:in `call'
  actionpack (5.0.2) lib/action_dispatch/middleware/executor.rb:12:in `call'
  actionpack (5.0.2) lib/action_dispatch/middleware/static.rb:136:in `call'
  rack (2.0.1) lib/rack/sendfile.rb:111:in `call'
  railties (5.0.2) lib/rails/engine.rb:522:in `call'
  puma (3.7.1) lib/puma/configuration.rb:232:in `call'
  puma (3.7.1) lib/puma/server.rb:578:in `handle_request'
  puma (3.7.1) lib/puma/server.rb:415:in `process_client'
  puma (3.7.1) lib/puma/server.rb:275:in `block in run'
  puma (3.7.1) lib/puma/thread_pool.rb:120:in `block in spawn_thread'

Started GET "/" for ::1 at 2017-03-07 14:33:04 -0800
Processing by StaticPagesController#root as HTML
  Rendering static_pages/root.html.erb within layouts/application
  Rendered static_pages/root.html.erb within layouts/application (0.7ms)
Completed 200 OK in 27ms (Views: 25.5ms | ActiveRecord: 0.0ms)


Started GET "/api/todos" for ::1 at 2017-03-07 14:33:06 -0800
Processing by Api::TodosController#index as JSON
  [1m[36mTodo Load (1.1ms)[0m  [1m[34mSELECT "todos".* FROM "todos"[0m
Completed 200 OK in 70ms (Views: 10.7ms | ActiveRecord: 10.4ms)


Started GET "/api/todos/2" for ::1 at 2017-03-07 14:35:05 -0800
Processing by Api::TodosController#show as JSON
  Parameters: {"id"=>"2"}
  [1m[36mTodo Load (0.5ms)[0m  [1m[34mSELECT  "todos".* FROM "todos" WHERE "todos"."id" = $1 LIMIT $2[0m  [["id", 2], ["LIMIT", 1]]
Completed 200 OK in 14ms (Views: 0.6ms | ActiveRecord: 0.8ms)


Started POST "/api/todos" for ::1 at 2017-03-07 14:35:44 -0800
Processing by Api::TodosController#create as JSON
Completed 400 Bad Request in 2ms (ActiveRecord: 0.0ms)



ActionController::ParameterMissing - param is missing or the value is empty: todo:
  actionpack (5.0.2) lib/action_controller/metal/strong_parameters.rb:309:in `require'
  app/controllers/api/todos_controller.rb:41:in `todo_params'
  app/controllers/api/todos_controller.rb:14:in `create'
  actionpack (5.0.2) lib/action_controller/metal/basic_implicit_render.rb:4:in `send_action'
  actionpack (5.0.2) lib/abstract_controller/base.rb:188:in `process_action'
  actionpack (5.0.2) lib/action_controller/metal/rendering.rb:30:in `process_action'
  actionpack (5.0.2) lib/abstract_controller/callbacks.rb:20:in `block in process_action'
  activesupport (5.0.2) lib/active_support/callbacks.rb:126:in `call'
  activesupport (5.0.2) lib/active_support/callbacks.rb:506:in `block (2 levels) in compile'
  activesupport (5.0.2) lib/active_support/callbacks.rb:455:in `call'
  activesupport (5.0.2) lib/active_support/callbacks.rb:101:in `__run_callbacks__'
  activesupport (5.0.2) lib/active_support/callbacks.rb:750:in `_run_process_action_callbacks'
  activesupport (5.0.2) lib/active_support/callbacks.rb:90:in `run_callbacks'
  actionpack (5.0.2) lib/abstract_controller/callbacks.rb:19:in `process_action'
  actionpack (5.0.2) lib/action_controller/metal/rescue.rb:20:in `process_action'
  actionpack (5.0.2) lib/action_controller/metal/instrumentation.rb:32:in `block in process_action'
  activesupport (5.0.2) lib/active_support/notifications.rb:164:in `block in instrument'
  activesupport (5.0.2) lib/active_support/notifications/instrumenter.rb:21:in `instrument'
  activesupport (5.0.2) lib/active_support/notifications.rb:164:in `instrument'
  actionpack (5.0.2) lib/action_controller/metal/instrumentation.rb:30:in `process_action'
  actionpack (5.0.2) lib/action_controller/metal/params_wrapper.rb:248:in `process_action'
  activerecord (5.0.2) lib/active_record/railties/controller_runtime.rb:18:in `process_action'
  actionpack (5.0.2) lib/abstract_controller/base.rb:126:in `process'
  actionview (5.0.2) lib/action_view/rendering.rb:30:in `process'
  actionpack (5.0.2) lib/action_controller/metal.rb:190:in `dispatch'
  actionpack (5.0.2) lib/action_controller/metal.rb:262:in `dispatch'
  actionpack (5.0.2) lib/action_dispatch/routing/route_set.rb:50:in `dispatch'
  actionpack (5.0.2) lib/action_dispatch/routing/route_set.rb:32:in `serve'
  actionpack (5.0.2) lib/action_dispatch/journey/router.rb:39:in `block in serve'
  actionpack (5.0.2) lib/action_dispatch/journey/router.rb:26:in `serve'
  actionpack (5.0.2) lib/action_dispatch/routing/route_set.rb:725:in `call'
  rack (2.0.1) lib/rack/etag.rb:25:in `call'
  rack (2.0.1) lib/rack/conditional_get.rb:38:in `call'
  rack (2.0.1) lib/rack/head.rb:12:in `call'
  rack (2.0.1) lib/rack/session/abstract/id.rb:222:in `context'
  rack (2.0.1) lib/rack/session/abstract/id.rb:216:in `call'
  actionpack (5.0.2) lib/action_dispatch/middleware/cookies.rb:613:in `call'
  activerecord (5.0.2) lib/active_record/migration.rb:553:in `call'
  actionpack (5.0.2) lib/action_dispatch/middleware/callbacks.rb:38:in `block in call'
  activesupport (5.0.2) lib/active_support/callbacks.rb:97:in `__run_callbacks__'
  activesupport (5.0.2) lib/active_support/callbacks.rb:750:in `_run_call_callbacks'
  activesupport (5.0.2) lib/active_support/callbacks.rb:90:in `run_callbacks'
  actionpack (5.0.2) lib/action_dispatch/middleware/callbacks.rb:36:in `call'
  actionpack (5.0.2) lib/action_dispatch/middleware/executor.rb:12:in `call'
  actionpack (5.0.2) lib/action_dispatch/middleware/remote_ip.rb:79:in `call'
  better_errors (2.1.1) lib/better_errors/middleware.rb:84:in `protected_app_call'
  better_errors (2.1.1) lib/better_errors/middleware.rb:79:in `better_errors_call'
  better_errors (2.1.1) lib/better_errors/middleware.rb:57:in `call'
  actionpack (5.0.2) lib/action_dispatch/middleware/debug_exceptions.rb:49:in `call'
  web-console (3.4.0) lib/web_console/middleware.rb:135:in `call_app'
  web-console (3.4.0) lib/web_console/middleware.rb:28:in `block in call'
  web-console (3.4.0) lib/web_console/middleware.rb:18:in `call'
  actionpack (5.0.2) lib/action_dispatch/middleware/show_exceptions.rb:31:in `call'
  railties (5.0.2) lib/rails/rack/logger.rb:36:in `call_app'
  railties (5.0.2) lib/rails/rack/logger.rb:24:in `block in call'
  activesupport (5.0.2) lib/active_support/tagged_logging.rb:69:in `block in tagged'
  activesupport (5.0.2) lib/active_support/tagged_logging.rb:26:in `tagged'
  activesupport (5.0.2) lib/active_support/tagged_logging.rb:69:in `tagged'
  railties (5.0.2) lib/rails/rack/logger.rb:24:in `call'
  sprockets-rails (3.2.0) lib/sprockets/rails/quiet_assets.rb:13:in `call'
  actionpack (5.0.2) lib/action_dispatch/middleware/request_id.rb:24:in `call'
  rack (2.0.1) lib/rack/method_override.rb:22:in `call'
  rack (2.0.1) lib/rack/runtime.rb:22:in `call'
  activesupport (5.0.2) lib/active_support/cache/strategy/local_cache_middleware.rb:28:in `call'
  actionpack (5.0.2) lib/action_dispatch/middleware/executor.rb:12:in `call'
  actionpack (5.0.2) lib/action_dispatch/middleware/static.rb:136:in `call'
  rack (2.0.1) lib/rack/sendfile.rb:111:in `call'
  railties (5.0.2) lib/rails/engine.rb:522:in `call'
  puma (3.7.1) lib/puma/configuration.rb:232:in `call'
  puma (3.7.1) lib/puma/server.rb:578:in `handle_request'
  puma (3.7.1) lib/puma/server.rb:415:in `process_client'
  puma (3.7.1) lib/puma/server.rb:275:in `block in run'
  puma (3.7.1) lib/puma/thread_pool.rb:120:in `block in spawn_thread'

Started POST "/api/todos" for ::1 at 2017-03-07 14:37:19 -0800
Processing by Api::TodosController#create as JSON
  Parameters: {"todo"=>{"title"=>"ajax", "body"=>"request", "done"=>"false"}}
  [1m[35m (0.2ms)[0m  [1m[35mBEGIN[0m
  [1m[35mSQL (56.8ms)[0m  [1m[32mINSERT INTO "todos" ("title", "body", "done", "created_at", "updated_at") VALUES ($1, $2, $3, $4, $5) RETURNING "id"[0m  [["title", "ajax"], ["body", "request"], ["done", false], ["created_at", 2017-03-07 22:37:19 UTC], ["updated_at", 2017-03-07 22:37:19 UTC]]
  [1m[35m (11.6ms)[0m  [1m[35mCOMMIT[0m
Completed 200 OK in 75ms (Views: 0.9ms | ActiveRecord: 68.6ms)


Started GET "/api/todos" for ::1 at 2017-03-07 14:37:41 -0800
Processing by Api::TodosController#index as JSON
  [1m[36mTodo Load (1.2ms)[0m  [1m[34mSELECT "todos".* FROM "todos"[0m
Completed 200 OK in 5ms (Views: 3.7ms | ActiveRecord: 1.2ms)


Started GET "/" for ::1 at 2017-03-07 14:44:45 -0800
Processing by StaticPagesController#root as HTML
  Rendering static_pages/root.html.erb within layouts/application
  Rendered static_pages/root.html.erb within layouts/application (3.0ms)
Completed 200 OK in 549ms (Views: 532.8ms | ActiveRecord: 0.0ms)


Started GET "/" for ::1 at 2017-03-07 14:44:54 -0800
Processing by StaticPagesController#root as HTML
  Rendering static_pages/root.html.erb within layouts/application
  Rendered static_pages/root.html.erb within layouts/application (0.7ms)
Completed 200 OK in 33ms (Views: 31.4ms | ActiveRecord: 0.0ms)


Started GET "/" for ::1 at 2017-03-07 14:48:27 -0800
Processing by StaticPagesController#root as HTML
  Rendering static_pages/root.html.erb within layouts/application
  Rendered static_pages/root.html.erb within layouts/application (1.1ms)
Completed 200 OK in 36ms (Views: 33.4ms | ActiveRecord: 0.0ms)


Started GET "/" for ::1 at 2017-03-07 14:49:45 -0800
Processing by StaticPagesController#root as HTML
  Rendering static_pages/root.html.erb within layouts/application
  Rendered static_pages/root.html.erb within layouts/application (0.5ms)
Completed 200 OK in 397ms (Views: 395.2ms | ActiveRecord: 0.0ms)


Started GET "/api/todos" for ::1 at 2017-03-07 14:49:52 -0800
Processing by Api::TodosController#index as JSON
  [1m[36mTodo Load (0.8ms)[0m  [1m[34mSELECT "todos".* FROM "todos"[0m
Completed 200 OK in 5ms (Views: 4.0ms | ActiveRecord: 0.8ms)


Started GET "/api/todos" for ::1 at 2017-03-07 14:50:18 -0800
Processing by Api::TodosController#index as JSON
  [1m[36mTodo Load (1.2ms)[0m  [1m[34mSELECT "todos".* FROM "todos"[0m
Completed 200 OK in 4ms (Views: 2.7ms | ActiveRecord: 1.2ms)


Started GET "/" for ::1 at 2017-03-07 14:59:55 -0800
Processing by StaticPagesController#root as HTML
  Rendering static_pages/root.html.erb within layouts/application
  Rendered static_pages/root.html.erb within layouts/application (0.3ms)
Completed 200 OK in 287ms (Views: 284.8ms | ActiveRecord: 0.0ms)


Started GET "/" for ::1 at 2017-03-07 15:00:17 -0800
Processing by StaticPagesController#root as HTML
  Rendering static_pages/root.html.erb within layouts/application
  Rendered static_pages/root.html.erb within layouts/application (0.5ms)
Completed 200 OK in 287ms (Views: 284.1ms | ActiveRecord: 0.0ms)


Started GET "/" for ::1 at 2017-03-07 15:00:38 -0800
Processing by StaticPagesController#root as HTML
  Rendering static_pages/root.html.erb within layouts/application
  Rendered static_pages/root.html.erb within layouts/application (0.8ms)
Completed 200 OK in 293ms (Views: 291.6ms | ActiveRecord: 0.0ms)


Started GET "/" for ::1 at 2017-03-07 15:01:24 -0800
Processing by StaticPagesController#root as HTML
  Rendering static_pages/root.html.erb within layouts/application
  Rendered static_pages/root.html.erb within layouts/application (0.5ms)
Completed 200 OK in 292ms (Views: 287.8ms | ActiveRecord: 0.0ms)


Started GET "/" for ::1 at 2017-03-07 15:21:19 -0800
Processing by StaticPagesController#root as HTML
  Rendering static_pages/root.html.erb within layouts/application
  Rendered static_pages/root.html.erb within layouts/application (0.3ms)
Completed 200 OK in 346ms (Views: 343.9ms | ActiveRecord: 0.0ms)


Started GET "/api/todos" for ::1 at 2017-03-07 15:21:36 -0800
Processing by Api::TodosController#index as JSON
  [1m[36mTodo Load (0.9ms)[0m  [1m[34mSELECT "todos".* FROM "todos"[0m
Completed 200 OK in 5ms (Views: 4.0ms | ActiveRecord: 0.9ms)


Started GET "/api/todos" for ::1 at 2017-03-07 15:21:54 -0800
Processing by Api::TodosController#index as JSON
  [1m[36mTodo Load (0.9ms)[0m  [1m[34mSELECT "todos".* FROM "todos"[0m
Completed 200 OK in 4ms (Views: 3.3ms | ActiveRecord: 0.9ms)


Started GET "/api/todos" for ::1 at 2017-03-07 15:23:11 -0800
Processing by Api::TodosController#index as JSON
  [1m[36mTodo Load (0.9ms)[0m  [1m[34mSELECT "todos".* FROM "todos"[0m
Completed 200 OK in 4ms (Views: 2.6ms | ActiveRecord: 0.8ms)


Started GET "/api/todos" for ::1 at 2017-03-07 15:24:55 -0800
Processing by Api::TodosController#index as JSON
  [1m[36mTodo Load (0.8ms)[0m  [1m[34mSELECT "todos".* FROM "todos"[0m
Completed 200 OK in 5ms (Views: 3.4ms | ActiveRecord: 0.8ms)


Started GET "/api/todos" for ::1 at 2017-03-07 15:25:32 -0800
Processing by Api::TodosController#index as JSON
  [1m[36mTodo Load (0.5ms)[0m  [1m[34mSELECT "todos".* FROM "todos"[0m
Completed 200 OK in 3ms (Views: 2.7ms | ActiveRecord: 0.5ms)


Started GET "/api/todos" for ::1 at 2017-03-07 15:26:34 -0800
Processing by Api::TodosController#index as JSON
  [1m[36mTodo Load (0.7ms)[0m  [1m[34mSELECT "todos".* FROM "todos"[0m
Completed 200 OK in 5ms (Views: 4.4ms | ActiveRecord: 0.7ms)


Started GET "/api/todos" for ::1 at 2017-03-07 15:27:48 -0800
Processing by Api::TodosController#index as JSON
  [1m[36mTodo Load (0.4ms)[0m  [1m[34mSELECT "todos".* FROM "todos"[0m
Completed 200 OK in 4ms (Views: 3.4ms | ActiveRecord: 0.4ms)


Started GET "/api/todos" for ::1 at 2017-03-07 15:28:20 -0800
Processing by Api::TodosController#index as JSON
  [1m[36mTodo Load (0.4ms)[0m  [1m[34mSELECT "todos".* FROM "todos"[0m
Completed 200 OK in 3ms (Views: 2.4ms | ActiveRecord: 0.4ms)


Started GET "/api/todos" for ::1 at 2017-03-07 15:29:57 -0800
Processing by Api::TodosController#index as JSON
  [1m[36mTodo Load (0.5ms)[0m  [1m[34mSELECT "todos".* FROM "todos"[0m
Completed 200 OK in 4ms (Views: 3.1ms | ActiveRecord: 0.5ms)


Started GET "/api/todos" for ::1 at 2017-03-07 15:30:24 -0800
Processing by Api::TodosController#index as JSON
  [1m[36mTodo Load (0.5ms)[0m  [1m[34mSELECT "todos".* FROM "todos"[0m
Completed 200 OK in 3ms (Views: 2.7ms | ActiveRecord: 0.5ms)


Started GET "/" for ::1 at 2017-03-07 15:40:13 -0800
Processing by StaticPagesController#root as HTML
  Rendering static_pages/root.html.erb within layouts/application
  Rendered static_pages/root.html.erb within layouts/application (0.4ms)
Completed 200 OK in 282ms (Views: 280.2ms | ActiveRecord: 0.0ms)


Started GET "/" for ::1 at 2017-03-07 15:40:30 -0800
Processing by StaticPagesController#root as HTML
  Rendering static_pages/root.html.erb within layouts/application
  Rendered static_pages/root.html.erb within layouts/application (1.0ms)
Completed 200 OK in 341ms (Views: 338.6ms | ActiveRecord: 0.0ms)


Started GET "/" for ::1 at 2017-03-07 15:42:36 -0800
Processing by StaticPagesController#root as HTML
  Rendering static_pages/root.html.erb within layouts/application
  Rendered static_pages/root.html.erb within layouts/application (0.4ms)
Completed 200 OK in 290ms (Views: 287.7ms | ActiveRecord: 0.0ms)


Started GET "/" for ::1 at 2017-03-07 15:48:14 -0800
Processing by StaticPagesController#root as HTML
  Rendering static_pages/root.html.erb within layouts/application
  Rendered static_pages/root.html.erb within layouts/application (0.4ms)
Completed 200 OK in 263ms (Views: 260.9ms | ActiveRecord: 0.0ms)


Started GET "/" for ::1 at 2017-03-07 16:18:19 -0800
Processing by StaticPagesController#root as HTML
  Rendering static_pages/root.html.erb within layouts/application
  Rendered static_pages/root.html.erb within layouts/application (0.5ms)
Completed 200 OK in 280ms (Views: 277.9ms | ActiveRecord: 0.0ms)


Started GET "/api/todos" for ::1 at 2017-03-07 16:18:20 -0800
Processing by Api::TodosController#index as JSON
  [1m[36mTodo Load (2.9ms)[0m  [1m[34mSELECT "todos".* FROM "todos"[0m
Completed 200 OK in 11ms (Views: 7.0ms | ActiveRecord: 2.9ms)


Started GET "/" for ::1 at 2017-03-07 16:19:02 -0800
Processing by StaticPagesController#root as HTML
  Rendering static_pages/root.html.erb within layouts/application
  Rendered static_pages/root.html.erb within layouts/application (0.6ms)
Completed 200 OK in 38ms (Views: 35.5ms | ActiveRecord: 0.0ms)


Started GET "/api/todos" for ::1 at 2017-03-07 16:19:03 -0800
Processing by Api::TodosController#index as JSON
  [1m[36mTodo Load (0.8ms)[0m  [1m[34mSELECT "todos".* FROM "todos"[0m
Completed 200 OK in 9ms (Views: 7.5ms | ActiveRecord: 0.8ms)


Started GET "/" for ::1 at 2017-03-07 16:19:29 -0800
Processing by StaticPagesController#root as HTML
  Rendering static_pages/root.html.erb within layouts/application
  Rendered static_pages/root.html.erb within layouts/application (0.4ms)
Completed 200 OK in 276ms (Views: 274.3ms | ActiveRecord: 0.0ms)


Started GET "/api/todos" for ::1 at 2017-03-07 16:19:29 -0800
Processing by Api::TodosController#index as JSON
  [1m[36mTodo Load (1.3ms)[0m  [1m[34mSELECT "todos".* FROM "todos"[0m
Completed 200 OK in 6ms (Views: 3.9ms | ActiveRecord: 1.3ms)


Started GET "/" for ::1 at 2017-03-07 16:20:40 -0800
Processing by StaticPagesController#root as HTML
  Rendering static_pages/root.html.erb within layouts/application
  Rendered static_pages/root.html.erb within layouts/application (0.7ms)
Completed 200 OK in 301ms (Views: 298.4ms | ActiveRecord: 0.0ms)


Started GET "/" for ::1 at 2017-03-07 16:20:44 -0800
Processing by StaticPagesController#root as HTML
  Rendering static_pages/root.html.erb within layouts/application
  Rendered static_pages/root.html.erb within layouts/application (0.5ms)
Completed 200 OK in 32ms (Views: 29.5ms | ActiveRecord: 0.0ms)


Started GET "/" for ::1 at 2017-03-07 16:20:47 -0800
Processing by StaticPagesController#root as HTML
  Rendering static_pages/root.html.erb within layouts/application
  Rendered static_pages/root.html.erb within layouts/application (1.4ms)
Completed 200 OK in 32ms (Views: 29.8ms | ActiveRecord: 0.0ms)


Started GET "/" for ::1 at 2017-03-07 16:21:10 -0800
Processing by StaticPagesController#root as HTML
  Rendering static_pages/root.html.erb within layouts/application
  Rendered static_pages/root.html.erb within layouts/application (0.7ms)
Completed 200 OK in 330ms (Views: 327.8ms | ActiveRecord: 0.0ms)


Started GET "/api/todos" for ::1 at 2017-03-07 16:21:11 -0800
Processing by Api::TodosController#index as JSON
  [1m[36mTodo Load (0.6ms)[0m  [1m[34mSELECT "todos".* FROM "todos"[0m
Completed 200 OK in 8ms (Views: 7.3ms | ActiveRecord: 0.6ms)


Started GET "/" for ::1 at 2017-03-07 16:21:51 -0800
Processing by StaticPagesController#root as HTML
  Rendering static_pages/root.html.erb within layouts/application
  Rendered static_pages/root.html.erb within layouts/application (0.7ms)
Completed 200 OK in 30ms (Views: 27.2ms | ActiveRecord: 0.0ms)


Started GET "/api/todos" for ::1 at 2017-03-07 16:21:52 -0800
Processing by Api::TodosController#index as JSON
  [1m[36mTodo Load (0.4ms)[0m  [1m[34mSELECT "todos".* FROM "todos"[0m
Completed 200 OK in 8ms (Views: 6.9ms | ActiveRecord: 0.4ms)


Started GET "/" for ::1 at 2017-03-07 16:22:02 -0800
Processing by StaticPagesController#root as HTML
  Rendering static_pages/root.html.erb within layouts/application
  Rendered static_pages/root.html.erb within layouts/application (0.5ms)
Completed 200 OK in 283ms (Views: 279.7ms | ActiveRecord: 0.0ms)


Started GET "/api/todos" for ::1 at 2017-03-07 16:22:02 -0800
Processing by Api::TodosController#index as JSON
  [1m[36mTodo Load (3.4ms)[0m  [1m[34mSELECT "todos".* FROM "todos"[0m
Completed 200 OK in 19ms (Views: 15.2ms | ActiveRecord: 3.4ms)


Started GET "/" for ::1 at 2017-03-07 16:22:23 -0800
Processing by StaticPagesController#root as HTML
  Rendering static_pages/root.html.erb within layouts/application
  Rendered static_pages/root.html.erb within layouts/application (0.6ms)
Completed 200 OK in 199ms (Views: 196.8ms | ActiveRecord: 0.0ms)


Started GET "/api/todos" for ::1 at 2017-03-07 16:22:24 -0800
Processing by Api::TodosController#index as JSON
  [1m[36mTodo Load (0.6ms)[0m  [1m[34mSELECT "todos".* FROM "todos"[0m
Completed 200 OK in 7ms (Views: 5.7ms | ActiveRecord: 0.6ms)


Started GET "/" for ::1 at 2017-03-07 16:22:34 -0800
Processing by StaticPagesController#root as HTML
  Rendering static_pages/root.html.erb within layouts/application
  Rendered static_pages/root.html.erb within layouts/application (0.6ms)
Completed 200 OK in 276ms (Views: 274.5ms | ActiveRecord: 0.0ms)


Started GET "/api/todos" for ::1 at 2017-03-07 16:22:34 -0800
Processing by Api::TodosController#index as JSON
  [1m[36mTodo Load (3.5ms)[0m  [1m[34mSELECT "todos".* FROM "todos"[0m
Completed 200 OK in 10ms (Views: 5.8ms | ActiveRecord: 3.5ms)


Started GET "/" for ::1 at 2017-03-07 16:28:09 -0800
Processing by StaticPagesController#root as HTML
  Rendering static_pages/root.html.erb within layouts/application
  Rendered static_pages/root.html.erb within layouts/application (0.5ms)
Completed 200 OK in 271ms (Views: 268.6ms | ActiveRecord: 0.0ms)


Started GET "/api/todos" for ::1 at 2017-03-07 16:28:09 -0800
Processing by Api::TodosController#index as JSON
  [1m[36mTodo Load (0.6ms)[0m  [1m[34mSELECT "todos".* FROM "todos"[0m
Completed 200 OK in 8ms (Views: 7.0ms | ActiveRecord: 0.6ms)


Started GET "/" for ::1 at 2017-03-07 16:28:14 -0800
Processing by StaticPagesController#root as HTML
  Rendering static_pages/root.html.erb within layouts/application
  Rendered static_pages/root.html.erb within layouts/application (0.8ms)
Completed 200 OK in 28ms (Views: 26.0ms | ActiveRecord: 0.0ms)


Started GET "/api/todos" for ::1 at 2017-03-07 16:28:15 -0800
Processing by Api::TodosController#index as JSON
  [1m[36mTodo Load (1.2ms)[0m  [1m[34mSELECT "todos".* FROM "todos"[0m
Completed 200 OK in 7ms (Views: 5.4ms | ActiveRecord: 1.2ms)


Started GET "/" for ::1 at 2017-03-07 16:28:48 -0800
Processing by StaticPagesController#root as HTML
  Rendering static_pages/root.html.erb within layouts/application
  Rendered static_pages/root.html.erb within layouts/application (0.5ms)
Completed 200 OK in 303ms (Views: 300.0ms | ActiveRecord: 0.0ms)


Started GET "/" for ::1 at 2017-03-07 16:29:18 -0800
Processing by StaticPagesController#root as HTML
  Rendering static_pages/root.html.erb within layouts/application
  Rendered static_pages/root.html.erb within layouts/application (0.5ms)
Completed 200 OK in 328ms (Views: 325.5ms | ActiveRecord: 0.0ms)


Started GET "/api/todos" for ::1 at 2017-03-07 16:29:18 -0800
Processing by Api::TodosController#index as JSON
  [1m[36mTodo Load (4.2ms)[0m  [1m[34mSELECT "todos".* FROM "todos"[0m
Completed 200 OK in 15ms (Views: 10.4ms | ActiveRecord: 4.2ms)


Started GET "/" for ::1 at 2017-03-07 16:29:30 -0800
Processing by StaticPagesController#root as HTML
  Rendering static_pages/root.html.erb within layouts/application
  Rendered static_pages/root.html.erb within layouts/application (0.4ms)
Completed 200 OK in 334ms (Views: 331.5ms | ActiveRecord: 0.0ms)


Started GET "/api/todos" for ::1 at 2017-03-07 16:29:31 -0800
Processing by Api::TodosController#index as JSON
  [1m[36mTodo Load (0.7ms)[0m  [1m[34mSELECT "todos".* FROM "todos"[0m
Completed 200 OK in 21ms (Views: 20.1ms | ActiveRecord: 0.7ms)


Started GET "/" for ::1 at 2017-03-07 16:30:27 -0800
Processing by StaticPagesController#root as HTML
  Rendering static_pages/root.html.erb within layouts/application
  Rendered static_pages/root.html.erb within layouts/application (0.7ms)
Completed 200 OK in 58ms (Views: 55.2ms | ActiveRecord: 0.0ms)


Started GET "/api/todos" for ::1 at 2017-03-07 16:30:27 -0800
Processing by Api::TodosController#index as JSON
  [1m[36mTodo Load (0.8ms)[0m  [1m[34mSELECT "todos".* FROM "todos"[0m
Completed 200 OK in 8ms (Views: 6.2ms | ActiveRecord: 0.8ms)


Started GET "/" for ::1 at 2017-03-07 16:30:37 -0800
Processing by StaticPagesController#root as HTML
  Rendering static_pages/root.html.erb within layouts/application
  Rendered static_pages/root.html.erb within layouts/application (1.4ms)
Completed 200 OK in 333ms (Views: 330.4ms | ActiveRecord: 0.0ms)


Started GET "/api/todos" for ::1 at 2017-03-07 16:31:12 -0800
Processing by Api::TodosController#index as JSON
  [1m[36mTodo Load (0.4ms)[0m  [1m[34mSELECT "todos".* FROM "todos"[0m
Completed 200 OK in 5ms (Views: 4.4ms | ActiveRecord: 0.4ms)


Started GET "/api/todos" for ::1 at 2017-03-07 16:32:29 -0800
Processing by Api::TodosController#index as JSON
  [1m[36mTodo Load (0.6ms)[0m  [1m[34mSELECT "todos".* FROM "todos"[0m
Completed 200 OK in 5ms (Views: 4.1ms | ActiveRecord: 0.6ms)


Started GET "/api/todos" for ::1 at 2017-03-07 16:33:13 -0800
Processing by Api::TodosController#index as JSON
  [1m[36mTodo Load (1.7ms)[0m  [1m[34mSELECT "todos".* FROM "todos"[0m
Completed 200 OK in 9ms (Views: 6.9ms | ActiveRecord: 1.7ms)


Started GET "/" for ::1 at 2017-03-07 16:33:20 -0800
Processing by StaticPagesController#root as HTML
  Rendering static_pages/root.html.erb within layouts/application
  Rendered static_pages/root.html.erb within layouts/application (1.0ms)
Completed 200 OK in 744ms (Views: 736.5ms | ActiveRecord: 0.0ms)


Started GET "/api/todos" for ::1 at 2017-03-07 16:33:21 -0800
Processing by Api::TodosController#index as JSON
  [1m[36mTodo Load (0.5ms)[0m  [1m[34mSELECT "todos".* FROM "todos"[0m
Completed 200 OK in 4ms (Views: 2.9ms | ActiveRecord: 0.5ms)


Started GET "/" for ::1 at 2017-03-07 16:33:47 -0800
Processing by StaticPagesController#root as HTML
  Rendering static_pages/root.html.erb within layouts/application
  Rendered static_pages/root.html.erb within layouts/application (0.6ms)
Completed 200 OK in 307ms (Views: 305.0ms | ActiveRecord: 0.0ms)


Started GET "/api/todos" for ::1 at 2017-03-07 16:33:48 -0800
Processing by Api::TodosController#index as JSON
  [1m[36mTodo Load (1.5ms)[0m  [1m[34mSELECT "todos".* FROM "todos"[0m
Completed 200 OK in 8ms (Views: 5.9ms | ActiveRecord: 1.5ms)


Started GET "/" for ::1 at 2017-03-07 16:35:57 -0800
Processing by StaticPagesController#root as HTML
  Rendering static_pages/root.html.erb within layouts/application
  Rendered static_pages/root.html.erb within layouts/application (0.3ms)
Completed 200 OK in 54ms (Views: 51.1ms | ActiveRecord: 0.0ms)


Started GET "/api/todos" for ::1 at 2017-03-07 16:35:57 -0800
Processing by Api::TodosController#index as JSON
  [1m[36mTodo Load (0.7ms)[0m  [1m[34mSELECT "todos".* FROM "todos"[0m
Completed 200 OK in 5ms (Views: 4.2ms | ActiveRecord: 0.7ms)


Started GET "/" for ::1 at 2017-03-07 16:37:24 -0800
Processing by StaticPagesController#root as HTML
  Rendering static_pages/root.html.erb within layouts/application
  Rendered static_pages/root.html.erb within layouts/application (0.5ms)
Completed 200 OK in 409ms (Views: 406.8ms | ActiveRecord: 0.0ms)


Started GET "/api/todos" for ::1 at 2017-03-07 16:37:25 -0800
Processing by Api::TodosController#index as JSON
  [1m[36mTodo Load (0.6ms)[0m  [1m[34mSELECT "todos".* FROM "todos"[0m
Completed 200 OK in 9ms (Views: 5.5ms | ActiveRecord: 0.6ms)


Started GET "/" for ::1 at 2017-03-07 16:37:31 -0800
Processing by StaticPagesController#root as HTML
  Rendering static_pages/root.html.erb within layouts/application
  Rendered static_pages/root.html.erb within layouts/application (0.5ms)
Completed 200 OK in 24ms (Views: 22.0ms | ActiveRecord: 0.0ms)


Started GET "/api/todos" for ::1 at 2017-03-07 16:37:31 -0800
Processing by Api::TodosController#index as JSON
  [1m[36mTodo Load (0.5ms)[0m  [1m[34mSELECT "todos".* FROM "todos"[0m
Completed 200 OK in 4ms (Views: 3.6ms | ActiveRecord: 0.5ms)


Started GET "/" for ::1 at 2017-03-07 16:37:33 -0800
Processing by StaticPagesController#root as HTML
  Rendering static_pages/root.html.erb within layouts/application
  Rendered static_pages/root.html.erb within layouts/application (0.4ms)
Completed 200 OK in 22ms (Views: 20.4ms | ActiveRecord: 0.0ms)


Started GET "/api/todos" for ::1 at 2017-03-07 16:37:33 -0800
Processing by Api::TodosController#index as JSON
  [1m[36mTodo Load (0.6ms)[0m  [1m[34mSELECT "todos".* FROM "todos"[0m
Completed 200 OK in 5ms (Views: 4.3ms | ActiveRecord: 0.6ms)


Started GET "/" for ::1 at 2017-03-07 16:40:36 -0800
Processing by StaticPagesController#root as HTML
  Rendering static_pages/root.html.erb within layouts/application
  Rendered static_pages/root.html.erb within layouts/application (0.6ms)
Completed 200 OK in 296ms (Views: 293.9ms | ActiveRecord: 0.0ms)


Started GET "/" for ::1 at 2017-03-07 16:41:07 -0800
Processing by StaticPagesController#root as HTML
  Rendering static_pages/root.html.erb within layouts/application
  Rendered static_pages/root.html.erb within layouts/application (0.5ms)
Completed 200 OK in 297ms (Views: 293.4ms | ActiveRecord: 0.0ms)


Started GET "/api/todos" for ::1 at 2017-03-07 16:41:08 -0800
Processing by Api::TodosController#index as JSON
  [1m[36mTodo Load (0.7ms)[0m  [1m[34mSELECT "todos".* FROM "todos"[0m
Completed 200 OK in 9ms (Views: 7.6ms | ActiveRecord: 0.7ms)


Started GET "/" for ::1 at 2017-03-07 16:42:16 -0800
Processing by StaticPagesController#root as HTML
  Rendering static_pages/root.html.erb within layouts/application
  Rendered static_pages/root.html.erb within layouts/application (0.6ms)
Completed 200 OK in 276ms (Views: 274.5ms | ActiveRecord: 0.0ms)


Started GET "/" for ::1 at 2017-03-07 16:42:31 -0800
Processing by StaticPagesController#root as HTML
  Rendering static_pages/root.html.erb within layouts/application
  Rendered static_pages/root.html.erb within layouts/application (0.4ms)
Completed 200 OK in 340ms (Views: 336.5ms | ActiveRecord: 0.0ms)


Started GET "/" for ::1 at 2017-03-07 16:42:44 -0800
Processing by StaticPagesController#root as HTML
  Rendering static_pages/root.html.erb within layouts/application
  Rendered static_pages/root.html.erb within layouts/application (0.4ms)
Completed 200 OK in 320ms (Views: 316.9ms | ActiveRecord: 0.0ms)


Started GET "/" for ::1 at 2017-03-07 16:43:04 -0800
Processing by StaticPagesController#root as HTML
  Rendering static_pages/root.html.erb within layouts/application
  Rendered static_pages/root.html.erb within layouts/application (0.8ms)
Completed 200 OK in 31ms (Views: 27.4ms | ActiveRecord: 0.0ms)


Started GET "/" for ::1 at 2017-03-07 16:43:23 -0800
Processing by StaticPagesController#root as HTML
  Rendering static_pages/root.html.erb within layouts/application
  Rendered static_pages/root.html.erb within layouts/application (0.4ms)
Completed 200 OK in 290ms (Views: 287.2ms | ActiveRecord: 0.0ms)


Started GET "/api/todos" for ::1 at 2017-03-07 16:43:23 -0800
Processing by Api::TodosController#index as JSON
  [1m[36mTodo Load (0.6ms)[0m  [1m[34mSELECT "todos".* FROM "todos"[0m
Completed 200 OK in 8ms (Views: 6.7ms | ActiveRecord: 0.6ms)


Started GET "/" for ::1 at 2017-03-07 16:43:45 -0800
Processing by StaticPagesController#root as HTML
  Rendering static_pages/root.html.erb within layouts/application
  Rendered static_pages/root.html.erb within layouts/application (0.5ms)
Completed 200 OK in 346ms (Views: 342.6ms | ActiveRecord: 0.0ms)


Started GET "/api/todos" for ::1 at 2017-03-07 16:43:46 -0800
Processing by Api::TodosController#index as JSON
  [1m[36mTodo Load (0.6ms)[0m  [1m[34mSELECT "todos".* FROM "todos"[0m
Completed 200 OK in 9ms (Views: 7.7ms | ActiveRecord: 0.6ms)


Started GET "/" for ::1 at 2017-03-07 16:44:37 -0800
Processing by StaticPagesController#root as HTML
  Rendering static_pages/root.html.erb within layouts/application
  Rendered static_pages/root.html.erb within layouts/application (0.6ms)
Completed 200 OK in 421ms (Views: 418.8ms | ActiveRecord: 0.0ms)


Started GET "/api/todos" for ::1 at 2017-03-07 16:44:37 -0800
Processing by Api::TodosController#index as JSON
  [1m[36mTodo Load (0.6ms)[0m  [1m[34mSELECT "todos".* FROM "todos"[0m
Completed 200 OK in 7ms (Views: 5.8ms | ActiveRecord: 0.6ms)


Started GET "/" for ::1 at 2017-03-07 16:44:56 -0800
Processing by StaticPagesController#root as HTML
  Rendering static_pages/root.html.erb within layouts/application
  Rendered static_pages/root.html.erb within layouts/application (0.6ms)
Completed 200 OK in 327ms (Views: 323.7ms | ActiveRecord: 0.0ms)


Started GET "/api/todos" for ::1 at 2017-03-07 16:44:56 -0800
Processing by Api::TodosController#index as JSON
  [1m[36mTodo Load (1.0ms)[0m  [1m[34mSELECT "todos".* FROM "todos"[0m
Completed 200 OK in 7ms (Views: 5.5ms | ActiveRecord: 1.0ms)


Started GET "/" for ::1 at 2017-03-07 16:46:20 -0800
Processing by StaticPagesController#root as HTML
  Rendering static_pages/root.html.erb within layouts/application
  Rendered static_pages/root.html.erb within layouts/application (0.4ms)
Completed 200 OK in 468ms (Views: 460.6ms | ActiveRecord: 0.0ms)


Started GET "/api/todos" for ::1 at 2017-03-07 16:46:21 -0800
Processing by Api::TodosController#index as JSON
  [1m[36mTodo Load (2.2ms)[0m  [1m[34mSELECT "todos".* FROM "todos"[0m
Completed 200 OK in 12ms (Views: 9.2ms | ActiveRecord: 2.2ms)


Started GET "/" for ::1 at 2017-03-07 16:50:52 -0800
Processing by StaticPagesController#root as HTML
  Rendering static_pages/root.html.erb within layouts/application
  Rendered static_pages/root.html.erb within layouts/application (0.5ms)
Completed 200 OK in 487ms (Views: 480.5ms | ActiveRecord: 0.0ms)


Started GET "/api/todos" for ::1 at 2017-03-07 16:50:53 -0800
Processing by Api::TodosController#index as JSON
  [1m[36mTodo Load (0.8ms)[0m  [1m[34mSELECT "todos".* FROM "todos"[0m
Completed 200 OK in 7ms (Views: 6.2ms | ActiveRecord: 0.8ms)


Started GET "/" for ::1 at 2017-03-07 16:51:35 -0800
Processing by StaticPagesController#root as HTML
  Rendering static_pages/root.html.erb within layouts/application
  Rendered static_pages/root.html.erb within layouts/application (0.5ms)
Completed 200 OK in 310ms (Views: 306.5ms | ActiveRecord: 0.0ms)


Started GET "/api/todos" for ::1 at 2017-03-07 16:51:35 -0800
Processing by Api::TodosController#index as JSON
  [1m[36mTodo Load (0.5ms)[0m  [1m[34mSELECT "todos".* FROM "todos"[0m
Completed 200 OK in 5ms (Views: 4.5ms | ActiveRecord: 0.5ms)


